<?xml version="1.0" encoding="UTF-8"?>
<!-- Generated by org.testng.reporters.JUnitReportReporter -->
<testsuite hostname="LAPTOP-GAUPM6CM" failures="0" tests="1" name="com.adactinhotelapp.testscripts.regression.ShadowDomHandle" time="8.980" errors="0" timestamp="2024-06-11T20:25:50 IST" skipped="0">
  <testcase classname="com.adactinhotelapp.testscripts.regression.ShadowDomHandle" name="shadowDomHandleTEst" time="8.980"/>
</testsuite> <!-- com.adactinhotelapp.testscripts.regression.ShadowDomHandle -->
