<?xml version="1.0" encoding="UTF-8"?>
<!-- Generated by org.testng.reporters.JUnitReportReporter -->
<testsuite hostname="LAPTOP-GAUPM6CM" failures="0" tests="1" name="com.adactinhotelapp.testscripts.regression.ValidateLoginUsingPOM" time="6.656" errors="0" timestamp="2024-05-31T21:28:47 IST" skipped="0">
  <testcase classname="com.adactinhotelapp.testscripts.regression.ValidateLoginUsingPOM" name="validateLoginTest" time="6.656"/>
</testsuite> <!-- com.adactinhotelapp.testscripts.regression.ValidateLoginUsingPOM -->
