<?xml version="1.0" encoding="UTF-8"?>
<!-- Generated by org.testng.reporters.JUnitReportReporter -->
<testsuite hostname="LAPTOP-GAUPM6CM" failures="0" tests="1" name="com.adactinhotelapp.testscripts.regression.ValidateLoginUsingPOMAndDataProvider" time="7.421" errors="0" timestamp="2024-05-31T21:35:56 IST" skipped="0">
  <testcase classname="com.adactinhotelapp.testscripts.regression.ValidateLoginUsingPOMAndDataProvider" name="validateLoginTest" time="7.421"/>
</testsuite> <!-- com.adactinhotelapp.testscripts.regression.ValidateLoginUsingPOMAndDataProvider -->
