<?xml version="1.0" encoding="UTF-8"?>
<!-- Generated by org.testng.reporters.JUnitReportReporter -->
<testsuite hostname="LAPTOP-GAUPM6CM" failures="0" tests="1" name="com.adactinhotelapp.testscripts.regression.ValidateLoginUsingPOMAndDataProvider" time="9.108" errors="0" timestamp="2024-06-11T21:03:04 IST" skipped="0">
  <testcase classname="com.adactinhotelapp.testscripts.regression.ValidateLoginUsingPOMAndDataProvider" name="validateLoginTest" time="9.108"/>
</testsuite> <!-- com.adactinhotelapp.testscripts.regression.ValidateLoginUsingPOMAndDataProvider -->
